Using device: cuda
Loading pre-extracted embeddings...
Loaded 6493 samples.

Training Domain Mapper...
Epoch 1/500 | Loss: 8.4922
Epoch 2/500 | Loss: 3.4389
Epoch 3/500 | Loss: 1.9277
Epoch 4/500 | Loss: 1.4124
Epoch 5/500 | Loss: 1.1682
Epoch 6/500 | Loss: 1.0910
Epoch 7/500 | Loss: 1.0409
Epoch 8/500 | Loss: 1.0050
Epoch 9/500 | Loss: 1.0099
Epoch 10/500 | Loss: 0.9846
Epoch 11/500 | Loss: 0.9934
Epoch 12/500 | Loss: 0.9877
Epoch 13/500 | Loss: 0.9769
Epoch 14/500 | Loss: 0.9443
Epoch 15/500 | Loss: 0.9747
Epoch 16/500 | Loss: 0.9481
Epoch 17/500 | Loss: 0.9811
Epoch 18/500 | Loss: 0.9327
Epoch 19/500 | Loss: 0.9016
Epoch 20/500 | Loss: 0.8436
Epoch 21/500 | Loss: 0.9001
Epoch 22/500 | Loss: 0.8880
Epoch 23/500 | Loss: 0.8548
Epoch 24/500 | Loss: 0.8819
Epoch 25/500 | Loss: 0.8630
Epoch 26/500 | Loss: 0.8762
Epoch 27/500 | Loss: 0.8710
Epoch 28/500 | Loss: 0.8511
Epoch 29/500 | Loss: 0.8438
Epoch 30/500 | Loss: 0.8368
Epoch 31/500 | Loss: 0.8473
Epoch 32/500 | Loss: 0.8876
Epoch 33/500 | Loss: 0.8479
Epoch 34/500 | Loss: 0.8246
Epoch 35/500 | Loss: 0.8164
Epoch 36/500 | Loss: 0.8005
Epoch 37/500 | Loss: 0.8063
Epoch 38/500 | Loss: 0.7939
Epoch 39/500 | Loss: 0.7837
Epoch 40/500 | Loss: 0.7727
Epoch 41/500 | Loss: 0.8206
Epoch 42/500 | Loss: 0.8106
Epoch 43/500 | Loss: 0.7880
Epoch 44/500 | Loss: 0.8304
Epoch 45/500 | Loss: 0.8093
Epoch 46/500 | Loss: 0.7837
Epoch 47/500 | Loss: 0.8016
Epoch 48/500 | Loss: 0.7516
Epoch 49/500 | Loss: 0.7926
Epoch 50/500 | Loss: 0.7670
Epoch 51/500 | Loss: 0.7907
Epoch 52/500 | Loss: 0.7879
Epoch 53/500 | Loss: 0.7798
Epoch 54/500 | Loss: 0.7768
Epoch 55/500 | Loss: 0.8044
Epoch 56/500 | Loss: 0.7619
Epoch 57/500 | Loss: 0.7590
Epoch 58/500 | Loss: 0.7740
Epoch 59/500 | Loss: 0.7812
Epoch 60/500 | Loss: 0.7643
Epoch 61/500 | Loss: 0.7737
Epoch 62/500 | Loss: 0.7734
Epoch 63/500 | Loss: 0.7641
Epoch 64/500 | Loss: 0.7326
Epoch 65/500 | Loss: 0.7749
Epoch 66/500 | Loss: 0.7583
Epoch 67/500 | Loss: 0.7631
Epoch 68/500 | Loss: 0.7318
Epoch 69/500 | Loss: 0.7851
Epoch 70/500 | Loss: 0.7203
Epoch 71/500 | Loss: 0.7528
Epoch 72/500 | Loss: 0.7479
Epoch 73/500 | Loss: 0.7796
Epoch 74/500 | Loss: 0.7437
Epoch 75/500 | Loss: 0.7073
Epoch 76/500 | Loss: 0.7435
Epoch 77/500 | Loss: 0.7892
Epoch 78/500 | Loss: 0.7263
Epoch 79/500 | Loss: 0.7828
Epoch 80/500 | Loss: 0.7662
Epoch 81/500 | Loss: 0.7202
Epoch 82/500 | Loss: 0.7325
Epoch 83/500 | Loss: 0.7861
Epoch 84/500 | Loss: 0.7500
Epoch 85/500 | Loss: 0.7458
Epoch 86/500 | Loss: 0.7536
Epoch 87/500 | Loss: 0.7326
Epoch 88/500 | Loss: 0.7626
Epoch 89/500 | Loss: 0.7561
Epoch 90/500 | Loss: 0.7815
Epoch 91/500 | Loss: 0.7253
Epoch 92/500 | Loss: 0.7766
Epoch 93/500 | Loss: 0.7683
Epoch 94/500 | Loss: 0.7709
Epoch 95/500 | Loss: 0.7759
Epoch 96/500 | Loss: 0.7604
Epoch 97/500 | Loss: 0.7136
Epoch 98/500 | Loss: 0.7236
Epoch 99/500 | Loss: 0.7395
Epoch 100/500 | Loss: 0.7686
Epoch 101/500 | Loss: 0.7020
Epoch 102/500 | Loss: 0.7100
Epoch 103/500 | Loss: 0.7496
Epoch 104/500 | Loss: 0.7209
Epoch 105/500 | Loss: 0.7340
Epoch 106/500 | Loss: 0.7284
Epoch 107/500 | Loss: 0.7490
Epoch 108/500 | Loss: 0.6972
Epoch 109/500 | Loss: 0.7483
Epoch 110/500 | Loss: 0.7435
Epoch 111/500 | Loss: 0.7412
Epoch 112/500 | Loss: 0.7312
Epoch 113/500 | Loss: 0.7169
Epoch 114/500 | Loss: 0.7455
Epoch 115/500 | Loss: 0.7474
Epoch 116/500 | Loss: 0.7531
Epoch 117/500 | Loss: 0.7126
Epoch 118/500 | Loss: 0.7109
Epoch 119/500 | Loss: 0.7422
Epoch 120/500 | Loss: 0.7239
Epoch 121/500 | Loss: 0.7689
Epoch 122/500 | Loss: 0.7319
Epoch 123/500 | Loss: 0.7517
Epoch 124/500 | Loss: 0.7105
Epoch 125/500 | Loss: 0.7278
Epoch 126/500 | Loss: 0.7000
Epoch 127/500 | Loss: 0.7169
Epoch 128/500 | Loss: 0.7272
Epoch 129/500 | Loss: 0.7350
Epoch 130/500 | Loss: 0.7540
Epoch 131/500 | Loss: 0.7160
Epoch 132/500 | Loss: 0.7289
Epoch 133/500 | Loss: 0.7364
Epoch 134/500 | Loss: 0.7283
Epoch 135/500 | Loss: 0.7013
Epoch 136/500 | Loss: 0.7002
Epoch 137/500 | Loss: 0.7233
Epoch 138/500 | Loss: 0.7113
Epoch 139/500 | Loss: 0.7339
Epoch 140/500 | Loss: 0.6982
Epoch 141/500 | Loss: 0.7446
Epoch 142/500 | Loss: 0.7344
Epoch 143/500 | Loss: 0.7259
Epoch 144/500 | Loss: 0.7016
Epoch 145/500 | Loss: 0.7327
Epoch 146/500 | Loss: 0.7187
Epoch 147/500 | Loss: 0.7259
Epoch 148/500 | Loss: 0.7492
Epoch 149/500 | Loss: 0.7267
Epoch 150/500 | Loss: 0.7206
Epoch 151/500 | Loss: 0.6808
Epoch 152/500 | Loss: 0.7212
Epoch 153/500 | Loss: 0.7197
Epoch 154/500 | Loss: 0.7328
Epoch 155/500 | Loss: 0.6818
Epoch 156/500 | Loss: 0.7129
Epoch 157/500 | Loss: 0.6964
Epoch 158/500 | Loss: 0.7154
Epoch 159/500 | Loss: 0.7185
Epoch 160/500 | Loss: 0.7359
Epoch 161/500 | Loss: 0.6874
Epoch 162/500 | Loss: 0.7080
Epoch 163/500 | Loss: 0.7275
Epoch 164/500 | Loss: 0.6984
Epoch 165/500 | Loss: 0.7065
Epoch 166/500 | Loss: 0.6753
Epoch 167/500 | Loss: 0.6771
Epoch 168/500 | Loss: 0.7041
Epoch 169/500 | Loss: 0.6929
Epoch 170/500 | Loss: 0.7209
Epoch 171/500 | Loss: 0.7031
Epoch 172/500 | Loss: 0.7417
Epoch 173/500 | Loss: 0.6952
Epoch 174/500 | Loss: 0.7352
Epoch 175/500 | Loss: 0.7233
Epoch 176/500 | Loss: 0.7367
Epoch 177/500 | Loss: 0.7152
Epoch 178/500 | Loss: 0.6945
Epoch 179/500 | Loss: 0.7157
Epoch 180/500 | Loss: 0.7123
Epoch 181/500 | Loss: 0.6913
Epoch 182/500 | Loss: 0.7194
Epoch 183/500 | Loss: 0.7423
Epoch 184/500 | Loss: 0.7077
Epoch 185/500 | Loss: 0.7318
Epoch 186/500 | Loss: 0.7133
Epoch 187/500 | Loss: 0.6981
Epoch 188/500 | Loss: 0.6825
Epoch 189/500 | Loss: 0.6902
Epoch 190/500 | Loss: 0.7196
Epoch 191/500 | Loss: 0.6865
Epoch 192/500 | Loss: 0.6965
Epoch 193/500 | Loss: 0.6701
Epoch 194/500 | Loss: 0.6910
Epoch 195/500 | Loss: 0.6959
Epoch 196/500 | Loss: 0.6874
Epoch 197/500 | Loss: 0.6990
Epoch 198/500 | Loss: 0.6817
Epoch 199/500 | Loss: 0.6879
Epoch 200/500 | Loss: 0.7014
Epoch 201/500 | Loss: 0.6929
Epoch 202/500 | Loss: 0.6816
Epoch 203/500 | Loss: 0.7004
Epoch 204/500 | Loss: 0.7594
Epoch 205/500 | Loss: 0.7004
Epoch 206/500 | Loss: 0.7249
Epoch 207/500 | Loss: 0.6854
Epoch 208/500 | Loss: 0.7098
Epoch 209/500 | Loss: 0.7005
Epoch 210/500 | Loss: 0.7165
Epoch 211/500 | Loss: 0.7181
Epoch 212/500 | Loss: 0.6894
Epoch 213/500 | Loss: 0.6580
Epoch 214/500 | Loss: 0.6925
Epoch 215/500 | Loss: 0.6818
Epoch 216/500 | Loss: 0.7074
Epoch 217/500 | Loss: 0.7038
Epoch 218/500 | Loss: 0.6942
Epoch 219/500 | Loss: 0.6970
Epoch 220/500 | Loss: 0.6768
Epoch 221/500 | Loss: 0.6896
Epoch 222/500 | Loss: 0.6978
Epoch 223/500 | Loss: 0.7110
Epoch 224/500 | Loss: 0.6865
Epoch 225/500 | Loss: 0.6822
Epoch 226/500 | Loss: 0.6987
Epoch 227/500 | Loss: 0.6839
Epoch 228/500 | Loss: 0.6912
Epoch 229/500 | Loss: 0.6742
Epoch 230/500 | Loss: 0.7005
Epoch 231/500 | Loss: 0.6948
Epoch 232/500 | Loss: 0.6682
Epoch 233/500 | Loss: 0.6639
Epoch 234/500 | Loss: 0.7098
Epoch 235/500 | Loss: 0.7100
Epoch 236/500 | Loss: 0.6913
Epoch 237/500 | Loss: 0.6565
Epoch 238/500 | Loss: 0.7007
Epoch 239/500 | Loss: 0.6913
Epoch 240/500 | Loss: 0.6912
Epoch 241/500 | Loss: 0.7085
Epoch 242/500 | Loss: 0.6737
Epoch 243/500 | Loss: 0.7239
Epoch 244/500 | Loss: 0.6833
Epoch 245/500 | Loss: 0.6773
Epoch 246/500 | Loss: 0.6720
Epoch 247/500 | Loss: 0.6742
Epoch 248/500 | Loss: 0.7045
Epoch 249/500 | Loss: 0.6612
Epoch 250/500 | Loss: 0.6808
Epoch 251/500 | Loss: 0.6761
Epoch 252/500 | Loss: 0.6790
Epoch 253/500 | Loss: 0.6840
Epoch 254/500 | Loss: 0.7037
Epoch 255/500 | Loss: 0.6752
Epoch 256/500 | Loss: 0.7034
Epoch 257/500 | Loss: 0.6863
Epoch 258/500 | Loss: 0.7014
Epoch 259/500 | Loss: 0.6819
Epoch 260/500 | Loss: 0.6557
Epoch 261/500 | Loss: 0.6634
Epoch 262/500 | Loss: 0.6691
Epoch 263/500 | Loss: 0.6827
Epoch 264/500 | Loss: 0.6832
Epoch 265/500 | Loss: 0.6689
Epoch 266/500 | Loss: 0.6845
Epoch 267/500 | Loss: 0.6709
Epoch 268/500 | Loss: 0.6642
Epoch 269/500 | Loss: 0.7148
Epoch 270/500 | Loss: 0.6900
Epoch 271/500 | Loss: 0.6956
Epoch 272/500 | Loss: 0.6704
Epoch 273/500 | Loss: 0.6984
Epoch 274/500 | Loss: 0.6648
Epoch 275/500 | Loss: 0.6811
Epoch 276/500 | Loss: 0.7030
Epoch 277/500 | Loss: 0.7084
Epoch 278/500 | Loss: 0.6921
Epoch 279/500 | Loss: 0.6661
Epoch 280/500 | Loss: 0.6677
Epoch 281/500 | Loss: 0.6550
Epoch 282/500 | Loss: 0.6945
Epoch 283/500 | Loss: 0.6879
Epoch 284/500 | Loss: 0.6440
Epoch 285/500 | Loss: 0.6601
Epoch 286/500 | Loss: 0.6625
Epoch 287/500 | Loss: 0.6666
Epoch 288/500 | Loss: 0.6575
Epoch 289/500 | Loss: 0.6871
Epoch 290/500 | Loss: 0.6634
Epoch 291/500 | Loss: 0.6602
Epoch 292/500 | Loss: 0.6543
Epoch 293/500 | Loss: 0.6651
Epoch 294/500 | Loss: 0.6856
Epoch 295/500 | Loss: 0.6806
Epoch 296/500 | Loss: 0.6753
Epoch 297/500 | Loss: 0.6695
Epoch 298/500 | Loss: 0.7029
Epoch 299/500 | Loss: 0.6686
Epoch 300/500 | Loss: 0.6362
Epoch 301/500 | Loss: 0.6472
Epoch 302/500 | Loss: 0.6428
Epoch 303/500 | Loss: 0.6790
Epoch 304/500 | Loss: 0.7004
Epoch 305/500 | Loss: 0.6559
Epoch 306/500 | Loss: 0.6834
Epoch 307/500 | Loss: 0.6661
Epoch 308/500 | Loss: 0.6914
Epoch 309/500 | Loss: 0.6684
Epoch 310/500 | Loss: 0.6733
Epoch 311/500 | Loss: 0.6577
Epoch 312/500 | Loss: 0.6625
Epoch 313/500 | Loss: 0.6653
Epoch 314/500 | Loss: 0.6964
Epoch 315/500 | Loss: 0.6485
Epoch 316/500 | Loss: 0.6494
Epoch 317/500 | Loss: 0.6587
Epoch 318/500 | Loss: 0.6560
Epoch 319/500 | Loss: 0.6985
Epoch 320/500 | Loss: 0.6591
Epoch 321/500 | Loss: 0.6735
Epoch 322/500 | Loss: 0.6544
Epoch 323/500 | Loss: 0.6755
Epoch 324/500 | Loss: 0.6278
Epoch 325/500 | Loss: 0.6610
Epoch 326/500 | Loss: 0.6331
Epoch 327/500 | Loss: 0.6824
Epoch 328/500 | Loss: 0.6353
Epoch 329/500 | Loss: 0.6584
Epoch 330/500 | Loss: 0.6596
Epoch 331/500 | Loss: 0.6565
Epoch 332/500 | Loss: 0.6665
Epoch 333/500 | Loss: 0.6976
Epoch 334/500 | Loss: 0.6852
Epoch 335/500 | Loss: 0.6537
Epoch 336/500 | Loss: 0.6743
Epoch 337/500 | Loss: 0.6512
Epoch 338/500 | Loss: 0.6547
Epoch 339/500 | Loss: 0.6722
Epoch 340/500 | Loss: 0.6556
Epoch 341/500 | Loss: 0.6795
Epoch 342/500 | Loss: 0.6831
Epoch 343/500 | Loss: 0.6475
Epoch 344/500 | Loss: 0.6523
Epoch 345/500 | Loss: 0.6825
Epoch 346/500 | Loss: 0.6638
Epoch 347/500 | Loss: 0.6882
Epoch 348/500 | Loss: 0.6771
Epoch 349/500 | Loss: 0.6494
Epoch 350/500 | Loss: 0.6676
Epoch 351/500 | Loss: 0.6698
Epoch 352/500 | Loss: 0.6459
Epoch 353/500 | Loss: 0.6770
Epoch 354/500 | Loss: 0.6384
Epoch 355/500 | Loss: 0.6808
Epoch 356/500 | Loss: 0.6753
Epoch 357/500 | Loss: 0.6878
Epoch 358/500 | Loss: 0.6519
Epoch 359/500 | Loss: 0.6305
Epoch 360/500 | Loss: 0.6705
Epoch 361/500 | Loss: 0.6443
Epoch 362/500 | Loss: 0.6652
Epoch 363/500 | Loss: 0.6298
Epoch 364/500 | Loss: 0.6848
Epoch 365/500 | Loss: 0.6644
Epoch 366/500 | Loss: 0.6580
Epoch 367/500 | Loss: 0.6429
Epoch 368/500 | Loss: 0.6699
Epoch 369/500 | Loss: 0.6583
Epoch 370/500 | Loss: 0.6339
Epoch 371/500 | Loss: 0.6725
Epoch 372/500 | Loss: 0.7038
Epoch 373/500 | Loss: 0.6557
Epoch 374/500 | Loss: 0.6698
Epoch 375/500 | Loss: 0.6581
Epoch 376/500 | Loss: 0.6480
Epoch 377/500 | Loss: 0.6264
Epoch 378/500 | Loss: 0.6636
Epoch 379/500 | Loss: 0.6915
Epoch 380/500 | Loss: 0.6655
Epoch 381/500 | Loss: 0.6756
Epoch 382/500 | Loss: 0.6659
Epoch 383/500 | Loss: 0.6803
Epoch 384/500 | Loss: 0.6364
Epoch 385/500 | Loss: 0.6660
Epoch 386/500 | Loss: 0.6502
Epoch 387/500 | Loss: 0.6554
Epoch 388/500 | Loss: 0.6646
Epoch 389/500 | Loss: 0.6655
Epoch 390/500 | Loss: 0.6546
Epoch 391/500 | Loss: 0.6623
Epoch 392/500 | Loss: 0.6857
Epoch 393/500 | Loss: 0.6539
Epoch 394/500 | Loss: 0.6791
Epoch 395/500 | Loss: 0.6764
Epoch 396/500 | Loss: 0.6575
Epoch 397/500 | Loss: 0.6234
Epoch 398/500 | Loss: 0.6596
Epoch 399/500 | Loss: 0.6549
Epoch 400/500 | Loss: 0.6858
Epoch 401/500 | Loss: 0.6728
Epoch 402/500 | Loss: 0.6643
Epoch 403/500 | Loss: 0.6774
Epoch 404/500 | Loss: 0.6618
Epoch 405/500 | Loss: 0.6415
Epoch 406/500 | Loss: 0.6644
Epoch 407/500 | Loss: 0.6535
Epoch 408/500 | Loss: 0.6350
Epoch 409/500 | Loss: 0.6477
Epoch 410/500 | Loss: 0.6392
Epoch 411/500 | Loss: 0.6691
Epoch 412/500 | Loss: 0.6805
Epoch 413/500 | Loss: 0.6306
Epoch 414/500 | Loss: 0.6456
Epoch 415/500 | Loss: 0.6615
Epoch 416/500 | Loss: 0.6695
Epoch 417/500 | Loss: 0.6844
Epoch 418/500 | Loss: 0.6330
Epoch 419/500 | Loss: 0.6786
Epoch 420/500 | Loss: 0.6604
Epoch 421/500 | Loss: 0.6317
Epoch 422/500 | Loss: 0.6435
Epoch 423/500 | Loss: 0.6703
Epoch 424/500 | Loss: 0.6481
Epoch 425/500 | Loss: 0.6709
Epoch 426/500 | Loss: 0.6556
Epoch 427/500 | Loss: 0.6725
Epoch 428/500 | Loss: 0.6403
Epoch 429/500 | Loss: 0.6544
Epoch 430/500 | Loss: 0.6754
Epoch 431/500 | Loss: 0.6864
Epoch 432/500 | Loss: 0.6659
Epoch 433/500 | Loss: 0.6332
Epoch 434/500 | Loss: 0.6616
Epoch 435/500 | Loss: 0.6434
Epoch 436/500 | Loss: 0.7048
Epoch 437/500 | Loss: 0.6544
Epoch 438/500 | Loss: 0.6378
Epoch 439/500 | Loss: 0.6522
Epoch 440/500 | Loss: 0.6299
Epoch 441/500 | Loss: 0.6621
Epoch 442/500 | Loss: 0.6936
Epoch 443/500 | Loss: 0.6556
Epoch 444/500 | Loss: 0.6639
Epoch 445/500 | Loss: 0.6638
Epoch 446/500 | Loss: 0.6665
Epoch 447/500 | Loss: 0.6418
Epoch 448/500 | Loss: 0.6307
Epoch 449/500 | Loss: 0.6738
Epoch 450/500 | Loss: 0.6658
Epoch 451/500 | Loss: 0.6645
Epoch 452/500 | Loss: 0.6565
Epoch 453/500 | Loss: 0.6599
Epoch 454/500 | Loss: 0.6585
Epoch 455/500 | Loss: 0.6778
Epoch 456/500 | Loss: 0.6402
Epoch 457/500 | Loss: 0.6742
Epoch 458/500 | Loss: 0.6522
Epoch 459/500 | Loss: 0.6507
Epoch 460/500 | Loss: 0.6667
Epoch 461/500 | Loss: 0.6751
Epoch 462/500 | Loss: 0.6735
Epoch 463/500 | Loss: 0.6527
Epoch 464/500 | Loss: 0.6395
Epoch 465/500 | Loss: 0.6497
Epoch 466/500 | Loss: 0.6451
Epoch 467/500 | Loss: 0.6624
Epoch 468/500 | Loss: 0.6529
Epoch 469/500 | Loss: 0.6528
Epoch 470/500 | Loss: 0.6705
Epoch 471/500 | Loss: 0.6788
Epoch 472/500 | Loss: 0.6642
Epoch 473/500 | Loss: 0.6757
Epoch 474/500 | Loss: 0.6918
Epoch 475/500 | Loss: 0.6523
Epoch 476/500 | Loss: 0.6564
Epoch 477/500 | Loss: 0.6708
Epoch 478/500 | Loss: 0.6433
Epoch 479/500 | Loss: 0.6610
Epoch 480/500 | Loss: 0.6722
Epoch 481/500 | Loss: 0.6842
Epoch 482/500 | Loss: 0.6484
Epoch 483/500 | Loss: 0.6575
Epoch 484/500 | Loss: 0.6295
Epoch 485/500 | Loss: 0.6833
Epoch 486/500 | Loss: 0.7011
Epoch 487/500 | Loss: 0.6714
Epoch 488/500 | Loss: 0.6736
Epoch 489/500 | Loss: 0.6694
Epoch 490/500 | Loss: 0.6505
Epoch 491/500 | Loss: 0.6866
Epoch 492/500 | Loss: 0.6408
Epoch 493/500 | Loss: 0.6625
Epoch 494/500 | Loss: 0.6769
Epoch 495/500 | Loss: 0.6660
Epoch 496/500 | Loss: 0.6814
Epoch 497/500 | Loss: 0.6873
Epoch 498/500 | Loss: 0.6533
Epoch 499/500 | Loss: 0.6830
Epoch 500/500 | Loss: 0.6812
Saved domain_mapper.pt!
