Using device: cuda
Loading pre-extracted embeddings...
Loaded 6493 samples.

Training Super Domain Mapper (OHNM + MixUp + Learnable Temp)...
Epoch 1/600 | Loss: 7.4907 | Temp: 0.0700 | LR: 1.22e-05
Epoch 2/600 | Loss: 7.0055 | Temp: 0.0700 | LR: 1.28e-05
Epoch 3/600 | Loss: 6.8782 | Temp: 0.0700 | LR: 1.38e-05
Epoch 4/600 | Loss: 6.4942 | Temp: 0.0700 | LR: 1.52e-05
Epoch 5/600 | Loss: 6.4032 | Temp: 0.0701 | LR: 1.69e-05
Epoch 6/600 | Loss: 5.8190 | Temp: 0.0701 | LR: 1.91e-05
Epoch 7/600 | Loss: 5.6117 | Temp: 0.0701 | LR: 2.16e-05
Epoch 8/600 | Loss: 5.4878 | Temp: 0.0701 | LR: 2.45e-05
Epoch 9/600 | Loss: 5.2286 | Temp: 0.0701 | LR: 2.77e-05
Epoch 10/600 | Loss: 5.3125 | Temp: 0.0702 | LR: 3.13e-05
Epoch 11/600 | Loss: 5.2843 | Temp: 0.0702 | LR: 3.53e-05
Epoch 12/600 | Loss: 3.8431 | Temp: 0.0702 | LR: 3.96e-05
Epoch 13/600 | Loss: 3.6268 | Temp: 0.0702 | LR: 4.42e-05
Epoch 14/600 | Loss: 4.4098 | Temp: 0.0703 | LR: 4.91e-05
Epoch 15/600 | Loss: 3.3993 | Temp: 0.0703 | LR: 5.43e-05
Epoch 16/600 | Loss: 3.3983 | Temp: 0.0704 | LR: 5.98e-05
Epoch 17/600 | Loss: 3.1352 | Temp: 0.0704 | LR: 6.55e-05
Epoch 18/600 | Loss: 2.2868 | Temp: 0.0704 | LR: 7.15e-05
Epoch 19/600 | Loss: 3.1375 | Temp: 0.0705 | LR: 7.77e-05
Epoch 20/600 | Loss: 4.0905 | Temp: 0.0706 | LR: 8.42e-05
Epoch 21/600 | Loss: 2.5312 | Temp: 0.0706 | LR: 9.08e-05
Epoch 22/600 | Loss: 2.7768 | Temp: 0.0707 | LR: 9.76e-05
Epoch 23/600 | Loss: 0.8272 | Temp: 0.0707 | LR: 1.05e-04
Epoch 24/600 | Loss: 3.2622 | Temp: 0.0708 | LR: 1.12e-04
Epoch 25/600 | Loss: 3.5275 | Temp: 0.0708 | LR: 1.19e-04
Epoch 26/600 | Loss: 2.4712 | Temp: 0.0709 | LR: 1.26e-04
Epoch 27/600 | Loss: 1.3665 | Temp: 0.0710 | LR: 1.34e-04
Epoch 28/600 | Loss: 2.6376 | Temp: 0.0710 | LR: 1.41e-04
Epoch 29/600 | Loss: 1.9973 | Temp: 0.0711 | LR: 1.49e-04
Epoch 30/600 | Loss: 1.6215 | Temp: 0.0711 | LR: 1.56e-04
Epoch 31/600 | Loss: 1.6210 | Temp: 0.0712 | LR: 1.64e-04
Epoch 32/600 | Loss: 1.5903 | Temp: 0.0712 | LR: 1.71e-04
Epoch 33/600 | Loss: 1.2710 | Temp: 0.0713 | LR: 1.79e-04
Epoch 34/600 | Loss: 1.2398 | Temp: 0.0714 | LR: 1.86e-04
Epoch 35/600 | Loss: 2.8019 | Temp: 0.0714 | LR: 1.94e-04
Epoch 36/600 | Loss: 1.8314 | Temp: 0.0715 | LR: 2.01e-04
Epoch 37/600 | Loss: 1.8408 | Temp: 0.0716 | LR: 2.08e-04
Epoch 38/600 | Loss: 2.0203 | Temp: 0.0717 | LR: 2.15e-04
Epoch 39/600 | Loss: 1.2427 | Temp: 0.0717 | LR: 2.22e-04
Epoch 40/600 | Loss: 2.5169 | Temp: 0.0718 | LR: 2.28e-04
Epoch 41/600 | Loss: 1.9956 | Temp: 0.0719 | LR: 2.35e-04
Epoch 42/600 | Loss: 1.6734 | Temp: 0.0719 | LR: 2.41e-04
Epoch 43/600 | Loss: 1.1909 | Temp: 0.0720 | LR: 2.47e-04
Epoch 44/600 | Loss: 1.3846 | Temp: 0.0721 | LR: 2.53e-04
Epoch 45/600 | Loss: 1.8921 | Temp: 0.0721 | LR: 2.58e-04
Epoch 46/600 | Loss: 2.0802 | Temp: 0.0722 | LR: 2.63e-04
Epoch 47/600 | Loss: 1.1304 | Temp: 0.0723 | LR: 2.68e-04
Epoch 48/600 | Loss: 2.4462 | Temp: 0.0723 | LR: 2.73e-04
Epoch 49/600 | Loss: 2.0404 | Temp: 0.0723 | LR: 2.77e-04
Epoch 50/600 | Loss: 0.6695 | Temp: 0.0724 | LR: 2.81e-04
Epoch 51/600 | Loss: 1.5441 | Temp: 0.0725 | LR: 2.85e-04
Epoch 52/600 | Loss: 1.9443 | Temp: 0.0726 | LR: 2.88e-04
Epoch 53/600 | Loss: 1.5328 | Temp: 0.0726 | LR: 2.91e-04
Epoch 54/600 | Loss: 1.6947 | Temp: 0.0727 | LR: 2.93e-04
Epoch 55/600 | Loss: 1.0990 | Temp: 0.0728 | LR: 2.95e-04
Epoch 56/600 | Loss: 0.8332 | Temp: 0.0729 | LR: 2.97e-04
Epoch 57/600 | Loss: 1.4988 | Temp: 0.0731 | LR: 2.98e-04
Epoch 58/600 | Loss: 1.8535 | Temp: 0.0731 | LR: 2.99e-04
Epoch 59/600 | Loss: 1.8986 | Temp: 0.0731 | LR: 3.00e-04
Epoch 60/600 | Loss: 1.5707 | Temp: 0.0731 | LR: 3.00e-04
Epoch 61/600 | Loss: 2.3647 | Temp: 0.0730 | LR: 3.00e-04
Epoch 62/600 | Loss: 1.5428 | Temp: 0.0730 | LR: 3.00e-04
Epoch 63/600 | Loss: 1.3506 | Temp: 0.0730 | LR: 3.00e-04
Epoch 64/600 | Loss: 1.1638 | Temp: 0.0731 | LR: 3.00e-04
Epoch 65/600 | Loss: 1.5350 | Temp: 0.0731 | LR: 3.00e-04
Epoch 66/600 | Loss: 1.5949 | Temp: 0.0731 | LR: 3.00e-04
Epoch 67/600 | Loss: 1.1850 | Temp: 0.0732 | LR: 3.00e-04
Epoch 68/600 | Loss: 1.1485 | Temp: 0.0733 | LR: 3.00e-04
Epoch 69/600 | Loss: 1.2917 | Temp: 0.0734 | LR: 3.00e-04
Epoch 70/600 | Loss: 1.8947 | Temp: 0.0734 | LR: 3.00e-04
Epoch 71/600 | Loss: 1.4636 | Temp: 0.0734 | LR: 3.00e-04
Epoch 72/600 | Loss: 1.4872 | Temp: 0.0734 | LR: 3.00e-04
Epoch 73/600 | Loss: 1.2774 | Temp: 0.0735 | LR: 3.00e-04
Epoch 74/600 | Loss: 1.4454 | Temp: 0.0735 | LR: 2.99e-04
Epoch 75/600 | Loss: 0.7526 | Temp: 0.0737 | LR: 2.99e-04
Epoch 76/600 | Loss: 0.7445 | Temp: 0.0739 | LR: 2.99e-04
Epoch 77/600 | Loss: 1.2761 | Temp: 0.0740 | LR: 2.99e-04
Epoch 78/600 | Loss: 1.2340 | Temp: 0.0741 | LR: 2.99e-04
Epoch 79/600 | Loss: 0.9213 | Temp: 0.0743 | LR: 2.99e-04
Epoch 80/600 | Loss: 1.6284 | Temp: 0.0743 | LR: 2.99e-04
Epoch 81/600 | Loss: 1.5855 | Temp: 0.0743 | LR: 2.99e-04
Epoch 82/600 | Loss: 1.3099 | Temp: 0.0743 | LR: 2.99e-04
Epoch 83/600 | Loss: 1.0605 | Temp: 0.0744 | LR: 2.99e-04
Epoch 84/600 | Loss: 2.1327 | Temp: 0.0743 | LR: 2.99e-04
Epoch 85/600 | Loss: 1.0160 | Temp: 0.0744 | LR: 2.98e-04
Epoch 86/600 | Loss: 1.0418 | Temp: 0.0745 | LR: 2.98e-04
Epoch 87/600 | Loss: 0.8774 | Temp: 0.0746 | LR: 2.98e-04
Epoch 88/600 | Loss: 1.0507 | Temp: 0.0748 | LR: 2.98e-04
Epoch 89/600 | Loss: 1.2063 | Temp: 0.0749 | LR: 2.98e-04
Epoch 90/600 | Loss: 0.8343 | Temp: 0.0750 | LR: 2.98e-04
Epoch 91/600 | Loss: 1.5414 | Temp: 0.0750 | LR: 2.98e-04
Epoch 92/600 | Loss: 1.1715 | Temp: 0.0750 | LR: 2.97e-04
Epoch 93/600 | Loss: 1.1563 | Temp: 0.0750 | LR: 2.97e-04
Epoch 94/600 | Loss: 1.1394 | Temp: 0.0751 | LR: 2.97e-04
Epoch 95/600 | Loss: 1.0045 | Temp: 0.0752 | LR: 2.97e-04
Epoch 96/600 | Loss: 0.8117 | Temp: 0.0753 | LR: 2.97e-04
Epoch 97/600 | Loss: 1.3204 | Temp: 0.0753 | LR: 2.97e-04
Epoch 98/600 | Loss: 1.1454 | Temp: 0.0754 | LR: 2.96e-04
Epoch 99/600 | Loss: 1.0421 | Temp: 0.0754 | LR: 2.96e-04
Epoch 100/600 | Loss: 1.1474 | Temp: 0.0755 | LR: 2.96e-04
Epoch 101/600 | Loss: 0.8004 | Temp: 0.0756 | LR: 2.96e-04
Epoch 102/600 | Loss: 1.0692 | Temp: 0.0757 | LR: 2.96e-04
Epoch 103/600 | Loss: 0.9329 | Temp: 0.0757 | LR: 2.95e-04
Epoch 104/600 | Loss: 1.3098 | Temp: 0.0757 | LR: 2.95e-04
Epoch 105/600 | Loss: 1.4380 | Temp: 0.0757 | LR: 2.95e-04
Epoch 106/600 | Loss: 1.2711 | Temp: 0.0756 | LR: 2.95e-04
Epoch 107/600 | Loss: 1.3097 | Temp: 0.0756 | LR: 2.94e-04
Epoch 108/600 | Loss: 1.9333 | Temp: 0.0754 | LR: 2.94e-04
Epoch 109/600 | Loss: 1.0193 | Temp: 0.0754 | LR: 2.94e-04
Epoch 110/600 | Loss: 1.3356 | Temp: 0.0754 | LR: 2.94e-04
Epoch 111/600 | Loss: 1.7447 | Temp: 0.0752 | LR: 2.93e-04
Epoch 112/600 | Loss: 1.2623 | Temp: 0.0752 | LR: 2.93e-04
Epoch 113/600 | Loss: 0.9077 | Temp: 0.0752 | LR: 2.93e-04
Epoch 114/600 | Loss: 0.9042 | Temp: 0.0753 | LR: 2.93e-04
Epoch 115/600 | Loss: 1.1182 | Temp: 0.0753 | LR: 2.92e-04
Epoch 116/600 | Loss: 0.8019 | Temp: 0.0754 | LR: 2.92e-04
Epoch 117/600 | Loss: 0.6506 | Temp: 0.0756 | LR: 2.92e-04
Epoch 118/600 | Loss: 1.2102 | Temp: 0.0757 | LR: 2.92e-04
Epoch 119/600 | Loss: 1.2394 | Temp: 0.0757 | LR: 2.91e-04
Epoch 120/600 | Loss: 1.1121 | Temp: 0.0756 | LR: 2.91e-04
Epoch 121/600 | Loss: 1.2762 | Temp: 0.0756 | LR: 2.91e-04
Epoch 122/600 | Loss: 1.7355 | Temp: 0.0755 | LR: 2.90e-04
Epoch 123/600 | Loss: 1.0676 | Temp: 0.0754 | LR: 2.90e-04
Epoch 124/600 | Loss: 0.8870 | Temp: 0.0755 | LR: 2.90e-04
Epoch 125/600 | Loss: 0.9187 | Temp: 0.0755 | LR: 2.89e-04
Epoch 126/600 | Loss: 1.2579 | Temp: 0.0755 | LR: 2.89e-04
Epoch 127/600 | Loss: 0.9682 | Temp: 0.0756 | LR: 2.89e-04
Epoch 128/600 | Loss: 1.6218 | Temp: 0.0755 | LR: 2.88e-04
Epoch 129/600 | Loss: 1.2076 | Temp: 0.0754 | LR: 2.88e-04
Epoch 130/600 | Loss: 1.2991 | Temp: 0.0753 | LR: 2.88e-04
Epoch 131/600 | Loss: 0.4798 | Temp: 0.0754 | LR: 2.87e-04
Epoch 132/600 | Loss: 1.0981 | Temp: 0.0755 | LR: 2.87e-04
Epoch 133/600 | Loss: 0.7725 | Temp: 0.0756 | LR: 2.87e-04
Epoch 134/600 | Loss: 0.7663 | Temp: 0.0758 | LR: 2.86e-04
Epoch 135/600 | Loss: 0.9536 | Temp: 0.0759 | LR: 2.86e-04
Epoch 136/600 | Loss: 0.7590 | Temp: 0.0760 | LR: 2.86e-04
Epoch 137/600 | Loss: 1.3673 | Temp: 0.0760 | LR: 2.85e-04
Epoch 138/600 | Loss: 0.7189 | Temp: 0.0761 | LR: 2.85e-04
Epoch 139/600 | Loss: 1.0553 | Temp: 0.0761 | LR: 2.84e-04
Epoch 140/600 | Loss: 0.8700 | Temp: 0.0761 | LR: 2.84e-04
Epoch 141/600 | Loss: 0.9146 | Temp: 0.0762 | LR: 2.84e-04
Epoch 142/600 | Loss: 1.1350 | Temp: 0.0762 | LR: 2.83e-04
Epoch 143/600 | Loss: 0.7422 | Temp: 0.0762 | LR: 2.83e-04
Epoch 144/600 | Loss: 1.0365 | Temp: 0.0762 | LR: 2.82e-04
Epoch 145/600 | Loss: 0.9059 | Temp: 0.0763 | LR: 2.82e-04
Epoch 146/600 | Loss: 1.1848 | Temp: 0.0763 | LR: 2.82e-04
Epoch 147/600 | Loss: 1.1463 | Temp: 0.0762 | LR: 2.81e-04
Epoch 148/600 | Loss: 1.1625 | Temp: 0.0762 | LR: 2.81e-04
Epoch 149/600 | Loss: 1.4684 | Temp: 0.0761 | LR: 2.80e-04
Epoch 150/600 | Loss: 0.7506 | Temp: 0.0761 | LR: 2.80e-04
Epoch 151/600 | Loss: 0.9069 | Temp: 0.0761 | LR: 2.79e-04
Epoch 152/600 | Loss: 1.0425 | Temp: 0.0762 | LR: 2.79e-04
Epoch 153/600 | Loss: 0.7451 | Temp: 0.0763 | LR: 2.79e-04
Epoch 154/600 | Loss: 1.5596 | Temp: 0.0762 | LR: 2.78e-04
Epoch 155/600 | Loss: 0.8775 | Temp: 0.0762 | LR: 2.78e-04
Epoch 156/600 | Loss: 0.8641 | Temp: 0.0762 | LR: 2.77e-04
Epoch 157/600 | Loss: 1.0210 | Temp: 0.0762 | LR: 2.77e-04
Epoch 158/600 | Loss: 1.1158 | Temp: 0.0762 | LR: 2.76e-04
Epoch 159/600 | Loss: 1.2824 | Temp: 0.0761 | LR: 2.76e-04
Epoch 160/600 | Loss: 1.0595 | Temp: 0.0761 | LR: 2.75e-04
Epoch 161/600 | Loss: 0.8009 | Temp: 0.0761 | LR: 2.75e-04
Epoch 162/600 | Loss: 1.3145 | Temp: 0.0761 | LR: 2.74e-04
Epoch 163/600 | Loss: 0.8777 | Temp: 0.0761 | LR: 2.74e-04
Epoch 164/600 | Loss: 0.8828 | Temp: 0.0762 | LR: 2.73e-04
Epoch 165/600 | Loss: 1.1249 | Temp: 0.0762 | LR: 2.73e-04
Epoch 166/600 | Loss: 0.7142 | Temp: 0.0762 | LR: 2.72e-04
Epoch 167/600 | Loss: 0.7327 | Temp: 0.0763 | LR: 2.72e-04
Epoch 168/600 | Loss: 0.8399 | Temp: 0.0764 | LR: 2.71e-04
Epoch 169/600 | Loss: 0.6225 | Temp: 0.0765 | LR: 2.71e-04
Epoch 170/600 | Loss: 1.0175 | Temp: 0.0766 | LR: 2.70e-04
Epoch 171/600 | Loss: 1.1501 | Temp: 0.0765 | LR: 2.70e-04
Epoch 172/600 | Loss: 1.2725 | Temp: 0.0765 | LR: 2.69e-04
Epoch 173/600 | Loss: 0.7351 | Temp: 0.0765 | LR: 2.69e-04
Epoch 174/600 | Loss: 1.2711 | Temp: 0.0764 | LR: 2.68e-04
Epoch 175/600 | Loss: 1.1434 | Temp: 0.0764 | LR: 2.68e-04
Epoch 176/600 | Loss: 1.2199 | Temp: 0.0763 | LR: 2.67e-04
Epoch 177/600 | Loss: 0.8686 | Temp: 0.0763 | LR: 2.67e-04
Epoch 178/600 | Loss: 0.9493 | Temp: 0.0763 | LR: 2.66e-04
Epoch 179/600 | Loss: 1.0027 | Temp: 0.0763 | LR: 2.65e-04
Epoch 180/600 | Loss: 1.2690 | Temp: 0.0763 | LR: 2.65e-04
Epoch 181/600 | Loss: 0.6010 | Temp: 0.0763 | LR: 2.64e-04
Epoch 182/600 | Loss: 0.9398 | Temp: 0.0763 | LR: 2.64e-04
Epoch 183/600 | Loss: 0.8719 | Temp: 0.0763 | LR: 2.63e-04
Epoch 184/600 | Loss: 0.9576 | Temp: 0.0763 | LR: 2.63e-04
Epoch 185/600 | Loss: 0.5753 | Temp: 0.0765 | LR: 2.62e-04
Epoch 186/600 | Loss: 1.3773 | Temp: 0.0764 | LR: 2.61e-04
Epoch 187/600 | Loss: 1.2016 | Temp: 0.0763 | LR: 2.61e-04
Epoch 188/600 | Loss: 0.9681 | Temp: 0.0763 | LR: 2.60e-04
Epoch 189/600 | Loss: 0.9663 | Temp: 0.0762 | LR: 2.60e-04
Epoch 190/600 | Loss: 0.8044 | Temp: 0.0763 | LR: 2.59e-04
Epoch 191/600 | Loss: 0.8380 | Temp: 0.0763 | LR: 2.58e-04
Epoch 192/600 | Loss: 1.1421 | Temp: 0.0763 | LR: 2.58e-04
Epoch 193/600 | Loss: 1.2231 | Temp: 0.0763 | LR: 2.57e-04
Epoch 194/600 | Loss: 0.7064 | Temp: 0.0762 | LR: 2.57e-04
Epoch 195/600 | Loss: 0.9472 | Temp: 0.0763 | LR: 2.56e-04
Epoch 196/600 | Loss: 1.3483 | Temp: 0.0762 | LR: 2.55e-04
Epoch 197/600 | Loss: 1.2016 | Temp: 0.0761 | LR: 2.55e-04
Epoch 198/600 | Loss: 0.8180 | Temp: 0.0761 | LR: 2.54e-04
Epoch 199/600 | Loss: 0.6948 | Temp: 0.0762 | LR: 2.54e-04
Epoch 200/600 | Loss: 0.8721 | Temp: 0.0762 | LR: 2.53e-04
Epoch 201/600 | Loss: 1.2276 | Temp: 0.0762 | LR: 2.52e-04
Epoch 202/600 | Loss: 0.9779 | Temp: 0.0762 | LR: 2.52e-04
Epoch 203/600 | Loss: 1.3807 | Temp: 0.0761 | LR: 2.51e-04
Epoch 204/600 | Loss: 0.7004 | Temp: 0.0761 | LR: 2.50e-04
Epoch 205/600 | Loss: 0.6981 | Temp: 0.0762 | LR: 2.50e-04
Epoch 206/600 | Loss: 0.9404 | Temp: 0.0763 | LR: 2.49e-04
Epoch 207/600 | Loss: 1.1319 | Temp: 0.0762 | LR: 2.48e-04
Epoch 208/600 | Loss: 0.7957 | Temp: 0.0763 | LR: 2.48e-04
Epoch 209/600 | Loss: 0.7964 | Temp: 0.0763 | LR: 2.47e-04
Epoch 210/600 | Loss: 0.9553 | Temp: 0.0763 | LR: 2.46e-04
Epoch 211/600 | Loss: 0.9375 | Temp: 0.0763 | LR: 2.46e-04
Epoch 212/600 | Loss: 0.8944 | Temp: 0.0763 | LR: 2.45e-04
Epoch 213/600 | Loss: 0.9583 | Temp: 0.0763 | LR: 2.44e-04
Epoch 214/600 | Loss: 0.8457 | Temp: 0.0764 | LR: 2.44e-04
Epoch 215/600 | Loss: 1.5112 | Temp: 0.0762 | LR: 2.43e-04
Epoch 216/600 | Loss: 1.0726 | Temp: 0.0762 | LR: 2.42e-04
Epoch 217/600 | Loss: 0.8079 | Temp: 0.0762 | LR: 2.42e-04
Epoch 218/600 | Loss: 0.6846 | Temp: 0.0762 | LR: 2.41e-04
Epoch 219/600 | Loss: 1.1818 | Temp: 0.0762 | LR: 2.40e-04
Epoch 220/600 | Loss: 0.8974 | Temp: 0.0762 | LR: 2.40e-04
Epoch 221/600 | Loss: 1.0367 | Temp: 0.0761 | LR: 2.39e-04
Epoch 222/600 | Loss: 0.8747 | Temp: 0.0761 | LR: 2.38e-04
Epoch 223/600 | Loss: 0.8112 | Temp: 0.0761 | LR: 2.37e-04
Epoch 224/600 | Loss: 1.0714 | Temp: 0.0761 | LR: 2.37e-04
Epoch 225/600 | Loss: 0.7897 | Temp: 0.0761 | LR: 2.36e-04
Epoch 226/600 | Loss: 0.7736 | Temp: 0.0761 | LR: 2.35e-04
Epoch 227/600 | Loss: 0.9993 | Temp: 0.0761 | LR: 2.35e-04
Epoch 228/600 | Loss: 1.0126 | Temp: 0.0761 | LR: 2.34e-04
Epoch 229/600 | Loss: 0.7957 | Temp: 0.0761 | LR: 2.33e-04
Epoch 230/600 | Loss: 0.6806 | Temp: 0.0761 | LR: 2.32e-04
Epoch 231/600 | Loss: 0.8493 | Temp: 0.0761 | LR: 2.32e-04
Epoch 232/600 | Loss: 0.6609 | Temp: 0.0762 | LR: 2.31e-04
Epoch 233/600 | Loss: 1.1519 | Temp: 0.0762 | LR: 2.30e-04
Epoch 234/600 | Loss: 0.6703 | Temp: 0.0762 | LR: 2.29e-04
Epoch 235/600 | Loss: 1.2032 | Temp: 0.0762 | LR: 2.29e-04
Epoch 236/600 | Loss: 0.9259 | Temp: 0.0761 | LR: 2.28e-04
Epoch 237/600 | Loss: 0.6518 | Temp: 0.0762 | LR: 2.27e-04
Epoch 238/600 | Loss: 1.0155 | Temp: 0.0762 | LR: 2.26e-04
Epoch 239/600 | Loss: 1.0304 | Temp: 0.0761 | LR: 2.26e-04
Epoch 240/600 | Loss: 0.9292 | Temp: 0.0761 | LR: 2.25e-04
Epoch 241/600 | Loss: 0.8415 | Temp: 0.0761 | LR: 2.24e-04
Epoch 242/600 | Loss: 0.4430 | Temp: 0.0762 | LR: 2.23e-04
Epoch 243/600 | Loss: 0.9855 | Temp: 0.0763 | LR: 2.23e-04
Epoch 244/600 | Loss: 0.8135 | Temp: 0.0763 | LR: 2.22e-04
Epoch 245/600 | Loss: 0.7791 | Temp: 0.0763 | LR: 2.21e-04
Epoch 246/600 | Loss: 1.2281 | Temp: 0.0762 | LR: 2.20e-04
Epoch 247/600 | Loss: 0.7936 | Temp: 0.0762 | LR: 2.20e-04
Epoch 248/600 | Loss: 0.9948 | Temp: 0.0762 | LR: 2.19e-04
Epoch 249/600 | Loss: 0.9211 | Temp: 0.0761 | LR: 2.18e-04
Epoch 250/600 | Loss: 0.6635 | Temp: 0.0762 | LR: 2.17e-04
Epoch 251/600 | Loss: 1.2670 | Temp: 0.0761 | LR: 2.16e-04
Epoch 252/600 | Loss: 1.0081 | Temp: 0.0760 | LR: 2.16e-04
Epoch 253/600 | Loss: 1.0087 | Temp: 0.0760 | LR: 2.15e-04
Epoch 254/600 | Loss: 0.7645 | Temp: 0.0760 | LR: 2.14e-04
Epoch 255/600 | Loss: 0.6502 | Temp: 0.0760 | LR: 2.13e-04
Epoch 256/600 | Loss: 0.4431 | Temp: 0.0761 | LR: 2.13e-04
Epoch 257/600 | Loss: 1.1084 | Temp: 0.0761 | LR: 2.12e-04
Epoch 258/600 | Loss: 0.8950 | Temp: 0.0761 | LR: 2.11e-04
Epoch 259/600 | Loss: 1.0168 | Temp: 0.0761 | LR: 2.10e-04
Epoch 260/600 | Loss: 1.0848 | Temp: 0.0760 | LR: 2.09e-04
Epoch 261/600 | Loss: 1.2407 | Temp: 0.0759 | LR: 2.09e-04
Epoch 262/600 | Loss: 0.9181 | Temp: 0.0759 | LR: 2.08e-04
Epoch 263/600 | Loss: 0.9029 | Temp: 0.0759 | LR: 2.07e-04
Epoch 264/600 | Loss: 1.0805 | Temp: 0.0758 | LR: 2.06e-04
Epoch 265/600 | Loss: 0.8547 | Temp: 0.0758 | LR: 2.05e-04
Epoch 266/600 | Loss: 0.6903 | Temp: 0.0758 | LR: 2.05e-04
Epoch 267/600 | Loss: 1.0155 | Temp: 0.0758 | LR: 2.04e-04
Epoch 268/600 | Loss: 1.0233 | Temp: 0.0758 | LR: 2.03e-04
Epoch 269/600 | Loss: 0.9502 | Temp: 0.0757 | LR: 2.02e-04
Epoch 270/600 | Loss: 0.8949 | Temp: 0.0757 | LR: 2.01e-04
Epoch 271/600 | Loss: 0.9797 | Temp: 0.0757 | LR: 2.00e-04
Epoch 272/600 | Loss: 0.9940 | Temp: 0.0756 | LR: 2.00e-04
Epoch 273/600 | Loss: 0.8676 | Temp: 0.0756 | LR: 1.99e-04
Epoch 274/600 | Loss: 0.7819 | Temp: 0.0756 | LR: 1.98e-04
Epoch 275/600 | Loss: 0.8250 | Temp: 0.0756 | LR: 1.97e-04
Epoch 276/600 | Loss: 0.9772 | Temp: 0.0756 | LR: 1.96e-04
Epoch 277/600 | Loss: 0.6759 | Temp: 0.0756 | LR: 1.95e-04
Epoch 278/600 | Loss: 0.8792 | Temp: 0.0756 | LR: 1.95e-04
Epoch 279/600 | Loss: 0.6923 | Temp: 0.0757 | LR: 1.94e-04
Epoch 280/600 | Loss: 1.2799 | Temp: 0.0756 | LR: 1.93e-04
Epoch 281/600 | Loss: 0.9250 | Temp: 0.0756 | LR: 1.92e-04
Epoch 282/600 | Loss: 0.9569 | Temp: 0.0755 | LR: 1.91e-04
Epoch 283/600 | Loss: 0.8412 | Temp: 0.0754 | LR: 1.90e-04
Epoch 284/600 | Loss: 1.1510 | Temp: 0.0754 | LR: 1.90e-04
Epoch 285/600 | Loss: 0.4384 | Temp: 0.0754 | LR: 1.89e-04
Epoch 286/600 | Loss: 0.9042 | Temp: 0.0755 | LR: 1.88e-04
Epoch 287/600 | Loss: 0.9094 | Temp: 0.0755 | LR: 1.87e-04
Epoch 288/600 | Loss: 1.0010 | Temp: 0.0754 | LR: 1.86e-04
Epoch 289/600 | Loss: 1.0058 | Temp: 0.0754 | LR: 1.85e-04
Epoch 290/600 | Loss: 0.6598 | Temp: 0.0753 | LR: 1.85e-04
Epoch 291/600 | Loss: 0.7923 | Temp: 0.0754 | LR: 1.84e-04
Epoch 292/600 | Loss: 0.6493 | Temp: 0.0754 | LR: 1.83e-04
Epoch 293/600 | Loss: 0.9530 | Temp: 0.0754 | LR: 1.82e-04
Epoch 294/600 | Loss: 0.8947 | Temp: 0.0754 | LR: 1.81e-04
Epoch 295/600 | Loss: 1.0738 | Temp: 0.0754 | LR: 1.80e-04
Epoch 296/600 | Loss: 0.7040 | Temp: 0.0754 | LR: 1.79e-04
Epoch 297/600 | Loss: 0.8649 | Temp: 0.0753 | LR: 1.79e-04
Epoch 298/600 | Loss: 0.8728 | Temp: 0.0754 | LR: 1.78e-04
Epoch 299/600 | Loss: 0.7543 | Temp: 0.0754 | LR: 1.77e-04
Epoch 300/600 | Loss: 0.7201 | Temp: 0.0754 | LR: 1.76e-04
Epoch 301/600 | Loss: 0.8621 | Temp: 0.0754 | LR: 1.75e-04
Epoch 302/600 | Loss: 1.0283 | Temp: 0.0753 | LR: 1.74e-04
Epoch 303/600 | Loss: 0.9830 | Temp: 0.0753 | LR: 1.73e-04
Epoch 304/600 | Loss: 0.6485 | Temp: 0.0753 | LR: 1.73e-04
Epoch 305/600 | Loss: 0.7956 | Temp: 0.0753 | LR: 1.72e-04
Epoch 306/600 | Loss: 1.1488 | Temp: 0.0752 | LR: 1.71e-04
Epoch 307/600 | Loss: 0.6170 | Temp: 0.0752 | LR: 1.70e-04
Epoch 308/600 | Loss: 0.6089 | Temp: 0.0753 | LR: 1.69e-04
Epoch 309/600 | Loss: 0.7361 | Temp: 0.0753 | LR: 1.68e-04
Epoch 310/600 | Loss: 0.6440 | Temp: 0.0753 | LR: 1.67e-04
Epoch 311/600 | Loss: 0.7884 | Temp: 0.0754 | LR: 1.66e-04
Epoch 312/600 | Loss: 0.9858 | Temp: 0.0753 | LR: 1.66e-04
Epoch 313/600 | Loss: 0.9205 | Temp: 0.0753 | LR: 1.65e-04
Epoch 314/600 | Loss: 0.6317 | Temp: 0.0753 | LR: 1.64e-04
Epoch 315/600 | Loss: 0.7161 | Temp: 0.0753 | LR: 1.63e-04
Epoch 316/600 | Loss: 0.7191 | Temp: 0.0753 | LR: 1.62e-04
Epoch 317/600 | Loss: 0.8202 | Temp: 0.0754 | LR: 1.61e-04
Epoch 318/600 | Loss: 0.7393 | Temp: 0.0754 | LR: 1.60e-04
Epoch 319/600 | Loss: 0.9458 | Temp: 0.0753 | LR: 1.60e-04
Epoch 320/600 | Loss: 0.7137 | Temp: 0.0753 | LR: 1.59e-04
Epoch 321/600 | Loss: 0.8521 | Temp: 0.0753 | LR: 1.58e-04
Epoch 322/600 | Loss: 0.9779 | Temp: 0.0753 | LR: 1.57e-04
Epoch 323/600 | Loss: 0.9815 | Temp: 0.0753 | LR: 1.56e-04
Epoch 324/600 | Loss: 1.0105 | Temp: 0.0752 | LR: 1.55e-04
Epoch 325/600 | Loss: 0.8215 | Temp: 0.0752 | LR: 1.54e-04
Epoch 326/600 | Loss: 0.6346 | Temp: 0.0752 | LR: 1.53e-04
Epoch 327/600 | Loss: 1.0188 | Temp: 0.0752 | LR: 1.53e-04
Epoch 328/600 | Loss: 1.0296 | Temp: 0.0752 | LR: 1.52e-04
Epoch 329/600 | Loss: 0.6360 | Temp: 0.0752 | LR: 1.51e-04
Epoch 330/600 | Loss: 0.9083 | Temp: 0.0752 | LR: 1.50e-04
Epoch 331/600 | Loss: 0.8528 | Temp: 0.0751 | LR: 1.49e-04
Epoch 332/600 | Loss: 0.8563 | Temp: 0.0751 | LR: 1.48e-04
Epoch 333/600 | Loss: 0.6498 | Temp: 0.0751 | LR: 1.47e-04
Epoch 334/600 | Loss: 0.9161 | Temp: 0.0752 | LR: 1.46e-04
Epoch 335/600 | Loss: 1.0055 | Temp: 0.0751 | LR: 1.46e-04
Epoch 336/600 | Loss: 1.1665 | Temp: 0.0750 | LR: 1.45e-04
Epoch 337/600 | Loss: 0.6329 | Temp: 0.0750 | LR: 1.44e-04
Epoch 338/600 | Loss: 0.9782 | Temp: 0.0750 | LR: 1.43e-04
Epoch 339/600 | Loss: 0.7934 | Temp: 0.0750 | LR: 1.42e-04
Epoch 340/600 | Loss: 0.7443 | Temp: 0.0750 | LR: 1.41e-04
Epoch 341/600 | Loss: 0.9934 | Temp: 0.0750 | LR: 1.40e-04
Epoch 342/600 | Loss: 0.7414 | Temp: 0.0749 | LR: 1.39e-04
Epoch 343/600 | Loss: 0.8993 | Temp: 0.0749 | LR: 1.39e-04
Epoch 344/600 | Loss: 0.8003 | Temp: 0.0749 | LR: 1.38e-04
Epoch 345/600 | Loss: 1.0202 | Temp: 0.0749 | LR: 1.37e-04
Epoch 346/600 | Loss: 0.5429 | Temp: 0.0749 | LR: 1.36e-04
Epoch 347/600 | Loss: 0.5523 | Temp: 0.0749 | LR: 1.35e-04
Epoch 348/600 | Loss: 0.9153 | Temp: 0.0749 | LR: 1.34e-04
Epoch 349/600 | Loss: 0.9073 | Temp: 0.0749 | LR: 1.33e-04
Epoch 350/600 | Loss: 0.6151 | Temp: 0.0749 | LR: 1.33e-04
Epoch 351/600 | Loss: 0.9004 | Temp: 0.0749 | LR: 1.32e-04
Epoch 352/600 | Loss: 0.7213 | Temp: 0.0749 | LR: 1.31e-04
Epoch 353/600 | Loss: 1.0473 | Temp: 0.0749 | LR: 1.30e-04
Epoch 354/600 | Loss: 0.6866 | Temp: 0.0749 | LR: 1.29e-04
Epoch 355/600 | Loss: 0.8218 | Temp: 0.0748 | LR: 1.28e-04
Epoch 356/600 | Loss: 0.6350 | Temp: 0.0749 | LR: 1.27e-04
Epoch 357/600 | Loss: 0.6241 | Temp: 0.0749 | LR: 1.26e-04
Epoch 358/600 | Loss: 1.1025 | Temp: 0.0749 | LR: 1.26e-04
Epoch 359/600 | Loss: 0.6894 | Temp: 0.0749 | LR: 1.25e-04
Epoch 360/600 | Loss: 0.7237 | Temp: 0.0749 | LR: 1.24e-04
Epoch 361/600 | Loss: 0.8222 | Temp: 0.0749 | LR: 1.23e-04
Epoch 362/600 | Loss: 0.7089 | Temp: 0.0749 | LR: 1.22e-04
Epoch 363/600 | Loss: 0.7541 | Temp: 0.0749 | LR: 1.21e-04
Epoch 364/600 | Loss: 0.6152 | Temp: 0.0749 | LR: 1.20e-04
Epoch 365/600 | Loss: 0.9744 | Temp: 0.0749 | LR: 1.20e-04
Epoch 366/600 | Loss: 0.8242 | Temp: 0.0749 | LR: 1.19e-04
Epoch 367/600 | Loss: 0.7905 | Temp: 0.0749 | LR: 1.18e-04
Epoch 368/600 | Loss: 0.9113 | Temp: 0.0749 | LR: 1.17e-04
Epoch 369/600 | Loss: 0.7687 | Temp: 0.0748 | LR: 1.16e-04
Epoch 370/600 | Loss: 0.7082 | Temp: 0.0748 | LR: 1.15e-04
Epoch 371/600 | Loss: 0.9100 | Temp: 0.0748 | LR: 1.14e-04
Epoch 372/600 | Loss: 0.8023 | Temp: 0.0748 | LR: 1.14e-04
Epoch 373/600 | Loss: 0.7442 | Temp: 0.0748 | LR: 1.13e-04
Epoch 374/600 | Loss: 0.8712 | Temp: 0.0748 | LR: 1.12e-04
Epoch 375/600 | Loss: 0.8909 | Temp: 0.0748 | LR: 1.11e-04
Epoch 376/600 | Loss: 0.8936 | Temp: 0.0748 | LR: 1.10e-04
Epoch 377/600 | Loss: 0.6719 | Temp: 0.0748 | LR: 1.09e-04
Epoch 378/600 | Loss: 1.0255 | Temp: 0.0747 | LR: 1.09e-04
Epoch 379/600 | Loss: 0.7426 | Temp: 0.0747 | LR: 1.08e-04
Epoch 380/600 | Loss: 0.8099 | Temp: 0.0747 | LR: 1.07e-04
Epoch 381/600 | Loss: 0.8181 | Temp: 0.0747 | LR: 1.06e-04
Epoch 382/600 | Loss: 0.8548 | Temp: 0.0747 | LR: 1.05e-04
Epoch 383/600 | Loss: 0.6014 | Temp: 0.0747 | LR: 1.04e-04
Epoch 384/600 | Loss: 0.5255 | Temp: 0.0747 | LR: 1.04e-04
Epoch 385/600 | Loss: 0.7682 | Temp: 0.0748 | LR: 1.03e-04
Epoch 386/600 | Loss: 0.5807 | Temp: 0.0748 | LR: 1.02e-04
Epoch 387/600 | Loss: 0.7227 | Temp: 0.0748 | LR: 1.01e-04
Epoch 388/600 | Loss: 0.7847 | Temp: 0.0748 | LR: 1.00e-04
Epoch 389/600 | Loss: 0.5614 | Temp: 0.0748 | LR: 9.95e-05
Epoch 390/600 | Loss: 0.7001 | Temp: 0.0748 | LR: 9.86e-05
Epoch 391/600 | Loss: 0.5447 | Temp: 0.0749 | LR: 9.78e-05
Epoch 392/600 | Loss: 0.7151 | Temp: 0.0749 | LR: 9.70e-05
Epoch 393/600 | Loss: 0.6125 | Temp: 0.0749 | LR: 9.62e-05
Epoch 394/600 | Loss: 0.8458 | Temp: 0.0749 | LR: 9.54e-05
Epoch 395/600 | Loss: 0.5203 | Temp: 0.0749 | LR: 9.46e-05
Epoch 396/600 | Loss: 1.0515 | Temp: 0.0749 | LR: 9.37e-05
Epoch 397/600 | Loss: 0.7500 | Temp: 0.0749 | LR: 9.29e-05
Epoch 398/600 | Loss: 0.6318 | Temp: 0.0749 | LR: 9.21e-05
Epoch 399/600 | Loss: 0.6710 | Temp: 0.0750 | LR: 9.13e-05
Epoch 400/600 | Loss: 0.8017 | Temp: 0.0749 | LR: 9.05e-05
Epoch 401/600 | Loss: 0.6646 | Temp: 0.0750 | LR: 8.97e-05
Epoch 402/600 | Loss: 0.8658 | Temp: 0.0749 | LR: 8.89e-05
Epoch 403/600 | Loss: 0.5330 | Temp: 0.0750 | LR: 8.81e-05
Epoch 404/600 | Loss: 0.7901 | Temp: 0.0750 | LR: 8.73e-05
Epoch 405/600 | Loss: 0.9383 | Temp: 0.0749 | LR: 8.65e-05
Epoch 406/600 | Loss: 0.8737 | Temp: 0.0749 | LR: 8.58e-05
Epoch 407/600 | Loss: 0.6888 | Temp: 0.0749 | LR: 8.50e-05
Epoch 408/600 | Loss: 0.8620 | Temp: 0.0749 | LR: 8.42e-05
Epoch 409/600 | Loss: 0.9593 | Temp: 0.0749 | LR: 8.34e-05
Epoch 410/600 | Loss: 0.8089 | Temp: 0.0749 | LR: 8.26e-05
Epoch 411/600 | Loss: 0.8347 | Temp: 0.0749 | LR: 8.18e-05
Epoch 412/600 | Loss: 0.6993 | Temp: 0.0749 | LR: 8.11e-05
Epoch 413/600 | Loss: 1.0604 | Temp: 0.0748 | LR: 8.03e-05
Epoch 414/600 | Loss: 0.5204 | Temp: 0.0748 | LR: 7.95e-05
Epoch 415/600 | Loss: 0.8345 | Temp: 0.0748 | LR: 7.88e-05
Epoch 416/600 | Loss: 0.4310 | Temp: 0.0749 | LR: 7.80e-05
Epoch 417/600 | Loss: 0.7128 | Temp: 0.0749 | LR: 7.72e-05
Epoch 418/600 | Loss: 0.6425 | Temp: 0.0749 | LR: 7.65e-05
Epoch 419/600 | Loss: 1.2458 | Temp: 0.0749 | LR: 7.57e-05
Epoch 420/600 | Loss: 0.6873 | Temp: 0.0749 | LR: 7.49e-05
Epoch 421/600 | Loss: 0.6368 | Temp: 0.0749 | LR: 7.42e-05
Epoch 422/600 | Loss: 0.6924 | Temp: 0.0749 | LR: 7.36e-05
Epoch 423/600 | Loss: 0.6817 | Temp: 0.0749 | LR: 7.19e-05
Epoch 424/600 | Loss: 0.6285 | Temp: 0.0749 | LR: 6.92e-05
Epoch 425/600 | Loss: 0.7846 | Temp: 0.0749 | LR: 6.58e-05
Epoch 426/600 | Loss: 0.6801 | Temp: 0.0749 | LR: 6.21e-05
Epoch 427/600 | Loss: 0.9744 | Temp: 0.0749 | LR: 5.84e-05
Epoch 428/600 | Loss: 0.6989 | Temp: 0.0749 | LR: 5.50e-05
Epoch 429/600 | Loss: 0.7492 | Temp: 0.0749 | LR: 5.23e-05
Epoch 430/600 | Loss: 0.8164 | Temp: 0.0749 | LR: 5.06e-05
Epoch 431/600 | Loss: 0.6845 | Temp: 0.0749 | LR: 5.00e-05
Epoch 432/600 | Loss: 0.9612 | Temp: 0.0749 | LR: 5.00e-05
Epoch 433/600 | Loss: 1.0676 | Temp: 0.0749 | LR: 5.00e-05
Epoch 434/600 | Loss: 0.8014 | Temp: 0.0749 | LR: 5.00e-05
Epoch 435/600 | Loss: 0.7045 | Temp: 0.0749 | LR: 5.00e-05
Epoch 436/600 | Loss: 1.0807 | Temp: 0.0748 | LR: 5.00e-05
Epoch 437/600 | Loss: 0.5707 | Temp: 0.0748 | LR: 5.00e-05
Epoch 438/600 | Loss: 0.7075 | Temp: 0.0748 | LR: 5.00e-05
Epoch 439/600 | Loss: 0.7069 | Temp: 0.0748 | LR: 5.00e-05
Epoch 440/600 | Loss: 0.9304 | Temp: 0.0748 | LR: 5.00e-05
Epoch 441/600 | Loss: 0.5443 | Temp: 0.0749 | LR: 5.00e-05
Epoch 442/600 | Loss: 0.9990 | Temp: 0.0748 | LR: 5.00e-05
Epoch 443/600 | Loss: 0.6016 | Temp: 0.0748 | LR: 5.00e-05
Epoch 444/600 | Loss: 0.7260 | Temp: 0.0749 | LR: 5.00e-05
Epoch 445/600 | Loss: 0.7044 | Temp: 0.0749 | LR: 5.00e-05
Epoch 446/600 | Loss: 0.9882 | Temp: 0.0749 | LR: 5.00e-05
Epoch 447/600 | Loss: 0.9351 | Temp: 0.0748 | LR: 5.00e-05
Epoch 448/600 | Loss: 0.5970 | Temp: 0.0748 | LR: 5.00e-05
Epoch 449/600 | Loss: 0.9211 | Temp: 0.0748 | LR: 5.00e-05
Epoch 450/600 | Loss: 0.8794 | Temp: 0.0748 | LR: 5.00e-05
Epoch 451/600 | Loss: 0.7635 | Temp: 0.0748 | LR: 5.00e-05
Epoch 452/600 | Loss: 0.8131 | Temp: 0.0748 | LR: 5.00e-05
Epoch 453/600 | Loss: 0.7605 | Temp: 0.0748 | LR: 5.00e-05
Epoch 454/600 | Loss: 0.8080 | Temp: 0.0748 | LR: 5.00e-05
Epoch 455/600 | Loss: 1.0279 | Temp: 0.0748 | LR: 5.00e-05
Epoch 456/600 | Loss: 0.4302 | Temp: 0.0748 | LR: 5.00e-05
Epoch 457/600 | Loss: 0.8504 | Temp: 0.0748 | LR: 5.00e-05
Epoch 458/600 | Loss: 0.9858 | Temp: 0.0748 | LR: 5.00e-05
Epoch 459/600 | Loss: 0.8589 | Temp: 0.0748 | LR: 5.00e-05
Epoch 460/600 | Loss: 0.9686 | Temp: 0.0748 | LR: 5.00e-05
Epoch 461/600 | Loss: 0.7775 | Temp: 0.0747 | LR: 5.00e-05
Epoch 462/600 | Loss: 0.8226 | Temp: 0.0747 | LR: 5.00e-05
Epoch 463/600 | Loss: 0.8324 | Temp: 0.0747 | LR: 5.00e-05
Epoch 464/600 | Loss: 0.9784 | Temp: 0.0747 | LR: 5.00e-05
Epoch 465/600 | Loss: 0.9991 | Temp: 0.0747 | LR: 5.00e-05
Epoch 466/600 | Loss: 0.6230 | Temp: 0.0747 | LR: 5.00e-05
Epoch 467/600 | Loss: 0.9388 | Temp: 0.0747 | LR: 5.00e-05
Epoch 468/600 | Loss: 0.5429 | Temp: 0.0747 | LR: 5.00e-05
Epoch 469/600 | Loss: 0.7755 | Temp: 0.0747 | LR: 5.00e-05
Epoch 470/600 | Loss: 0.9266 | Temp: 0.0747 | LR: 5.00e-05
Epoch 471/600 | Loss: 0.7705 | Temp: 0.0747 | LR: 5.00e-05
Epoch 472/600 | Loss: 0.5159 | Temp: 0.0747 | LR: 5.00e-05
Epoch 473/600 | Loss: 0.5177 | Temp: 0.0747 | LR: 5.00e-05
Epoch 474/600 | Loss: 0.8193 | Temp: 0.0747 | LR: 5.00e-05
Epoch 475/600 | Loss: 0.6811 | Temp: 0.0747 | LR: 5.00e-05
Epoch 476/600 | Loss: 0.8380 | Temp: 0.0747 | LR: 5.00e-05
Epoch 477/600 | Loss: 1.0601 | Temp: 0.0747 | LR: 5.00e-05
Epoch 478/600 | Loss: 0.7270 | Temp: 0.0747 | LR: 5.00e-05
Epoch 479/600 | Loss: 0.6012 | Temp: 0.0747 | LR: 5.00e-05
Epoch 480/600 | Loss: 0.8798 | Temp: 0.0747 | LR: 5.00e-05
Epoch 481/600 | Loss: 0.9570 | Temp: 0.0747 | LR: 5.00e-05
Epoch 482/600 | Loss: 0.7649 | Temp: 0.0747 | LR: 5.00e-05
Epoch 483/600 | Loss: 0.7928 | Temp: 0.0747 | LR: 5.00e-05
Epoch 484/600 | Loss: 0.7914 | Temp: 0.0747 | LR: 5.00e-05
Epoch 485/600 | Loss: 0.7226 | Temp: 0.0747 | LR: 5.00e-05
Epoch 486/600 | Loss: 0.7441 | Temp: 0.0747 | LR: 5.00e-05
Epoch 487/600 | Loss: 0.9147 | Temp: 0.0746 | LR: 5.00e-05
Epoch 488/600 | Loss: 0.7542 | Temp: 0.0746 | LR: 5.00e-05
Epoch 489/600 | Loss: 0.8609 | Temp: 0.0746 | LR: 5.00e-05
Epoch 490/600 | Loss: 0.7539 | Temp: 0.0746 | LR: 5.00e-05
Epoch 491/600 | Loss: 0.7939 | Temp: 0.0746 | LR: 5.00e-05
Epoch 492/600 | Loss: 0.7579 | Temp: 0.0746 | LR: 5.00e-05
Epoch 493/600 | Loss: 0.6105 | Temp: 0.0746 | LR: 5.00e-05
Epoch 494/600 | Loss: 0.6914 | Temp: 0.0746 | LR: 5.00e-05
Epoch 495/600 | Loss: 0.5180 | Temp: 0.0746 | LR: 5.00e-05
Epoch 496/600 | Loss: 0.8071 | Temp: 0.0746 | LR: 5.00e-05
Epoch 497/600 | Loss: 0.5634 | Temp: 0.0746 | LR: 5.00e-05
Epoch 498/600 | Loss: 0.5094 | Temp: 0.0747 | LR: 5.00e-05
Epoch 499/600 | Loss: 0.6937 | Temp: 0.0747 | LR: 5.00e-05
Epoch 500/600 | Loss: 0.8149 | Temp: 0.0747 | LR: 5.00e-05
Epoch 501/600 | Loss: 0.9257 | Temp: 0.0747 | LR: 5.00e-05
Epoch 502/600 | Loss: 0.4779 | Temp: 0.0747 | LR: 5.00e-05
Epoch 503/600 | Loss: 0.7567 | Temp: 0.0747 | LR: 5.00e-05
Epoch 504/600 | Loss: 0.7842 | Temp: 0.0747 | LR: 5.00e-05
Epoch 505/600 | Loss: 0.6158 | Temp: 0.0747 | LR: 5.00e-05
Epoch 506/600 | Loss: 0.5237 | Temp: 0.0747 | LR: 5.00e-05
Epoch 507/600 | Loss: 0.5870 | Temp: 0.0747 | LR: 5.00e-05
Epoch 508/600 | Loss: 0.7931 | Temp: 0.0747 | LR: 5.00e-05
Epoch 509/600 | Loss: 0.8487 | Temp: 0.0747 | LR: 5.00e-05
Epoch 510/600 | Loss: 0.5099 | Temp: 0.0747 | LR: 5.00e-05
Epoch 511/600 | Loss: 0.7067 | Temp: 0.0747 | LR: 5.00e-05
Epoch 512/600 | Loss: 0.7908 | Temp: 0.0747 | LR: 5.00e-05
Epoch 513/600 | Loss: 0.6005 | Temp: 0.0747 | LR: 5.00e-05
Epoch 514/600 | Loss: 0.8734 | Temp: 0.0747 | LR: 5.00e-05
Epoch 515/600 | Loss: 0.7166 | Temp: 0.0747 | LR: 5.00e-05
Epoch 516/600 | Loss: 0.7888 | Temp: 0.0747 | LR: 5.00e-05
Epoch 517/600 | Loss: 0.8412 | Temp: 0.0747 | LR: 5.00e-05
Epoch 518/600 | Loss: 0.7707 | Temp: 0.0747 | LR: 5.00e-05
Epoch 519/600 | Loss: 0.6080 | Temp: 0.0747 | LR: 5.00e-05
Epoch 520/600 | Loss: 0.7373 | Temp: 0.0747 | LR: 5.00e-05
Epoch 521/600 | Loss: 0.8123 | Temp: 0.0747 | LR: 5.00e-05
Epoch 522/600 | Loss: 0.6959 | Temp: 0.0747 | LR: 5.00e-05
Epoch 523/600 | Loss: 0.7363 | Temp: 0.0747 | LR: 5.00e-05
Epoch 524/600 | Loss: 0.6135 | Temp: 0.0747 | LR: 5.00e-05
Epoch 525/600 | Loss: 0.6557 | Temp: 0.0747 | LR: 5.00e-05
Epoch 526/600 | Loss: 0.5109 | Temp: 0.0747 | LR: 5.00e-05
Epoch 527/600 | Loss: 0.6923 | Temp: 0.0747 | LR: 5.00e-05
Epoch 528/600 | Loss: 0.7585 | Temp: 0.0747 | LR: 5.00e-05
Epoch 529/600 | Loss: 0.8187 | Temp: 0.0747 | LR: 5.00e-05
Epoch 530/600 | Loss: 0.6549 | Temp: 0.0747 | LR: 5.00e-05
Epoch 531/600 | Loss: 0.5154 | Temp: 0.0747 | LR: 5.00e-05
Epoch 532/600 | Loss: 0.6273 | Temp: 0.0747 | LR: 5.00e-05
Epoch 533/600 | Loss: 0.7609 | Temp: 0.0748 | LR: 5.00e-05
Epoch 534/600 | Loss: 0.6077 | Temp: 0.0748 | LR: 5.00e-05
Epoch 535/600 | Loss: 0.7781 | Temp: 0.0748 | LR: 5.00e-05
Epoch 536/600 | Loss: 0.5307 | Temp: 0.0748 | LR: 5.00e-05
Epoch 537/600 | Loss: 0.8111 | Temp: 0.0748 | LR: 5.00e-05
Epoch 538/600 | Loss: 0.9201 | Temp: 0.0748 | LR: 5.00e-05
Epoch 539/600 | Loss: 0.8927 | Temp: 0.0748 | LR: 5.00e-05
Epoch 540/600 | Loss: 0.9293 | Temp: 0.0747 | LR: 5.00e-05
Epoch 541/600 | Loss: 0.8136 | Temp: 0.0747 | LR: 5.00e-05
Epoch 542/600 | Loss: 0.8310 | Temp: 0.0747 | LR: 5.00e-05
Epoch 543/600 | Loss: 0.7476 | Temp: 0.0747 | LR: 5.00e-05
Epoch 544/600 | Loss: 0.8173 | Temp: 0.0747 | LR: 5.00e-05
Epoch 545/600 | Loss: 0.9270 | Temp: 0.0747 | LR: 5.00e-05
Epoch 546/600 | Loss: 0.8318 | Temp: 0.0747 | LR: 5.00e-05
Epoch 547/600 | Loss: 0.9186 | Temp: 0.0746 | LR: 5.00e-05
Epoch 548/600 | Loss: 0.8695 | Temp: 0.0746 | LR: 5.00e-05
Epoch 549/600 | Loss: 0.6768 | Temp: 0.0746 | LR: 5.00e-05
Epoch 550/600 | Loss: 0.9563 | Temp: 0.0746 | LR: 5.00e-05
Epoch 551/600 | Loss: 0.5553 | Temp: 0.0746 | LR: 5.00e-05
Epoch 552/600 | Loss: 0.8164 | Temp: 0.0746 | LR: 5.00e-05
Epoch 553/600 | Loss: 0.9019 | Temp: 0.0746 | LR: 5.00e-05
Epoch 554/600 | Loss: 0.6356 | Temp: 0.0746 | LR: 5.00e-05
Epoch 555/600 | Loss: 1.0224 | Temp: 0.0746 | LR: 5.00e-05
Epoch 556/600 | Loss: 0.6673 | Temp: 0.0746 | LR: 5.00e-05
Epoch 557/600 | Loss: 0.7122 | Temp: 0.0746 | LR: 5.00e-05
Epoch 558/600 | Loss: 0.7581 | Temp: 0.0746 | LR: 5.00e-05
Epoch 559/600 | Loss: 0.7111 | Temp: 0.0746 | LR: 5.00e-05
Epoch 560/600 | Loss: 0.8765 | Temp: 0.0746 | LR: 5.00e-05
Epoch 561/600 | Loss: 0.5910 | Temp: 0.0746 | LR: 5.00e-05
Epoch 562/600 | Loss: 0.5862 | Temp: 0.0746 | LR: 5.00e-05
Epoch 563/600 | Loss: 0.8408 | Temp: 0.0746 | LR: 5.00e-05
Epoch 564/600 | Loss: 0.6339 | Temp: 0.0746 | LR: 5.00e-05
Epoch 565/600 | Loss: 0.8865 | Temp: 0.0746 | LR: 5.00e-05
Epoch 566/600 | Loss: 0.7932 | Temp: 0.0746 | LR: 5.00e-05
Epoch 567/600 | Loss: 0.8825 | Temp: 0.0746 | LR: 5.00e-05
Epoch 568/600 | Loss: 0.5923 | Temp: 0.0746 | LR: 5.00e-05
Epoch 569/600 | Loss: 0.8192 | Temp: 0.0746 | LR: 5.00e-05
Epoch 570/600 | Loss: 0.7505 | Temp: 0.0746 | LR: 5.00e-05
Epoch 571/600 | Loss: 0.8253 | Temp: 0.0745 | LR: 5.00e-05
Epoch 572/600 | Loss: 0.8094 | Temp: 0.0745 | LR: 5.00e-05
Epoch 573/600 | Loss: 0.6763 | Temp: 0.0745 | LR: 5.00e-05
Epoch 574/600 | Loss: 0.5880 | Temp: 0.0745 | LR: 5.00e-05
Epoch 575/600 | Loss: 0.4277 | Temp: 0.0746 | LR: 5.00e-05
Epoch 576/600 | Loss: 0.7977 | Temp: 0.0746 | LR: 5.00e-05
Epoch 577/600 | Loss: 0.6593 | Temp: 0.0746 | LR: 5.00e-05
Epoch 578/600 | Loss: 0.8824 | Temp: 0.0746 | LR: 5.00e-05
Epoch 579/600 | Loss: 0.6724 | Temp: 0.0745 | LR: 5.00e-05
Epoch 580/600 | Loss: 0.7605 | Temp: 0.0745 | LR: 5.00e-05
Epoch 581/600 | Loss: 0.7419 | Temp: 0.0746 | LR: 5.00e-05
Epoch 582/600 | Loss: 0.9308 | Temp: 0.0745 | LR: 5.00e-05
Epoch 583/600 | Loss: 1.1244 | Temp: 0.0745 | LR: 5.00e-05
Epoch 584/600 | Loss: 0.7917 | Temp: 0.0745 | LR: 5.00e-05
Epoch 585/600 | Loss: 0.7481 | Temp: 0.0745 | LR: 5.00e-05
Epoch 586/600 | Loss: 0.9202 | Temp: 0.0745 | LR: 5.00e-05
Epoch 587/600 | Loss: 0.6646 | Temp: 0.0745 | LR: 5.00e-05
Epoch 588/600 | Loss: 0.8217 | Temp: 0.0745 | LR: 5.00e-05
Epoch 589/600 | Loss: 0.8865 | Temp: 0.0745 | LR: 5.00e-05
Epoch 590/600 | Loss: 0.8337 | Temp: 0.0744 | LR: 5.00e-05
Epoch 591/600 | Loss: 1.0066 | Temp: 0.0744 | LR: 5.00e-05
Epoch 592/600 | Loss: 0.6917 | Temp: 0.0744 | LR: 5.00e-05
Epoch 593/600 | Loss: 0.8216 | Temp: 0.0744 | LR: 5.00e-05
Epoch 594/600 | Loss: 0.6703 | Temp: 0.0744 | LR: 5.00e-05
Epoch 595/600 | Loss: 0.5500 | Temp: 0.0744 | LR: 5.00e-05
Epoch 596/600 | Loss: 0.5733 | Temp: 0.0744 | LR: 5.00e-05
Epoch 597/600 | Loss: 0.9309 | Temp: 0.0744 | LR: 5.00e-05
Epoch 598/600 | Loss: 0.7893 | Temp: 0.0744 | LR: 5.00e-05
Epoch 599/600 | Loss: 0.6610 | Temp: 0.0744 | LR: 5.00e-05
Epoch 600/600 | Loss: 0.8275 | Temp: 0.0744 | LR: 5.00e-05